<?xml version="1.0" encoding="UTF-8"?>
<!-- Generated by org.testng.reporters.JUnitReportReporter -->
<testsuite hostname="MLIW5SL0SN2" name="com.epam.tests.firstTest" tests="1" failures="0" timestamp="2 May 2019 00:30:25 GMT" time="11.819" errors="0">
  <testcase name="findHomeImage" time="11.819" classname="com.epam.tests.firstTest"/>
</testsuite> <!-- com.epam.tests.firstTest -->
