<?xml version="1.0" encoding="UTF-8"?>
<!-- Generated by org.testng.reporters.JUnitReportReporter -->
<testsuite hostname="aida-PC" name="com.petclinic.tests.firstTest" tests="1" failures="0" timestamp="20 Oct 2018 20:00:44 GMT" time="9.697" errors="0">
  <testcase name="addNewOwner" time="9.697" classname="com.petclinic.tests.firstTest"/>
</testsuite> <!-- com.petclinic.tests.firstTest -->
