<?xml version="1.0" encoding="UTF-8"?>
<!-- Generated by org.testng.reporters.JUnitReportReporter -->
<testsuite hostname="MLIW5SL0SN2" name="com.epam.pages.ApiTest" tests="3" failures="0" timestamp="2 May 2019 03:23:24 GMT" time="10.557" errors="0">
  <testcase name="testgetByID" time="1.262" classname="com.epam.pages.ApiTest"/>
  <testcase name="testgetByID" time="8.065" classname="com.epam.pages.ApiTest"/>
  <testcase name="testgetByID" time="1.230" classname="com.epam.pages.ApiTest"/>
</testsuite> <!-- com.epam.pages.ApiTest -->
