<?xml version="1.0" encoding="UTF-8"?>
<!-- Generated by org.testng.reporters.JUnitReportReporter -->
<testsuite hostname="MLIW5SL0SN2" name="com.epam.tests.homeTest" tests="1" failures="0" timestamp="2 May 2019 03:10:30 GMT" time="24.924" errors="0">
  <testcase name="goToVideoPage" time="24.924" classname="com.epam.tests.homeTest"/>
</testsuite> <!-- com.epam.tests.homeTest -->
